<?xml version="1.0" encoding="UTF-8"?>
<testsuite xmlns:xsi="http://www.w3.org/2001/XMLSchema-instance" xsi:noNamespaceSchemaLocation="https://maven.apache.org/surefire/maven-surefire-plugin/xsd/surefire-test-report-3.0.xsd" version="3.0" name="domain.PersonalAccountFactoryTest" time="0.045" tests="5" errors="0" skipped="0" failures="0">
  <properties>
[...]
</properties>
  <testcase name="testCreateUSDAccount" classname="domain.PersonalAccountFactoryTest" time="0.032"/>
  <testcase name="testSingletonInstance" classname="domain.PersonalAccountFactoryTest" time="0.001"/>
  <testcase name="testCreateEURAccount" classname="domain.PersonalAccountFactoryTest" time="0.002"/>
  <testcase name="testCreateGBPAccount" classname="domain.PersonalAccountFactoryTest" time="0.001"/>
  <testcase name="testCreateUnsupportedCurrency" classname="domain.PersonalAccountFactoryTest" time="0.001"/>
</testsuite>